   1                             		.file	"Control_LEDs.c"
   2                             		.section P,"ax"
   3                             	.Ltext0:
   4                             		.global	_main
   6                             	_main:
   7                             	.LFB0:
   8                             		.file 1 "../src/Control_LEDs.c"
   1:../src/Control_LEDs.c **** /***************************************************************/
   2:../src/Control_LEDs.c **** /*                                                             */
   3:../src/Control_LEDs.c **** /*      PROJECT NAME :  Control_LEDs                           */
   4:../src/Control_LEDs.c **** /*      FILE         :  Control_LEDs.c                         */
   5:../src/Control_LEDs.c **** /*      DESCRIPTION  :  Main Program                           */
   6:../src/Control_LEDs.c **** /*      CPU SERIES   :  RX600                                  */
   7:../src/Control_LEDs.c **** /*      CPU TYPE     :  RX62N                                  */
   8:../src/Control_LEDs.c **** /*                                                             */
   9:../src/Control_LEDs.c **** /*      This file is generated by e2 studio.                   */
  10:../src/Control_LEDs.c **** /*                                                             */
  11:../src/Control_LEDs.c **** /***************************************************************/                                
  12:../src/Control_LEDs.c **** 
  13:../src/Control_LEDs.c **** 
  14:../src/Control_LEDs.c **** #include "iodefine.h"
  15:../src/Control_LEDs.c **** #include "config.h"
  16:../src/Control_LEDs.c **** 
  17:../src/Control_LEDs.c **** int main(void)
  18:../src/Control_LEDs.c **** {
   9                             		.loc 1 18 0
  10 0000 6E 6D                   		pushm	r6-r13
  11                             	.LCFI0:
  12 0002 71 06 DC                		add	#-36, r0, r6
  13                             	.LCFI1:
  14 0005 EF 60                   		mov.L	r6, r0
  15                             	.LCFI2:
  19:../src/Control_LEDs.c **** 
  20:../src/Control_LEDs.c **** 	ENABLE_LEDS;
  16                             		.loc 1 20 0
  17 0007 FB 2E 0D C0 08          		mov.L	#0x8c00d, r2
  18 000c FB 1E 0E C0 08          		mov.L	#0x8c00e, r1
  19 0011 FB AE 0D C0 08          		mov.L	#0x8c00d, r10
  20 0016 FB BE 0E C0 08          		mov.L	#0x8c00e, r11
  21 001b FB CE 0D C0 08          		mov.L	#0x8c00d, r12
  22 0020 FB 9E 0E C0 08          		mov.L	#0x8c00e, r9
  23 0025 FB 8E 0D C0 08          		mov.L	#0x8c00d, r8
  24 002a FB DE 0D C0 08          		mov.L	#0x8c00d, r13
  25 002f FB EE 0D C0 08          		mov.L	#0x8c00d, r14
  26 0034 FB FE 0E C0 08          		mov.L	#0x8c00e, r15
  27 0039 F8 6E 0D C0 08          		mov.L	#0x8c00d, [r6]
  28 003e F9 6E 01 0D C0 08       		mov.L	#0x8c00d, 4[r6]
  29 0044 66 15                   		mov	#1, r5
  30 0046 66 14                   		mov.L	#1, r4
  31 0048 53 54                   		and	r5, r4
  32 004a 6C 64                   		shll	#6, r4
  33 004c A1 E4                   		mov.L	r4, 24[r6]
  34 004e A8 6F                   		mov.L	4[r6], r7
  35 0050 CC 74                   		mov.B	[r7], r4
  36 0052 75 24 BF                		and	#0xffffffbf, r4
  37 0055 CF 43                   		mov.B	r4, r3
  38 0057 A9 E7                   		mov.L	24[r6], r7
  39 0059 CF 74                   		mov.B	r7, r4
  40 005b 57 34                   		or	r3, r4
  41 005d A8 6F                   		mov.L	4[r6], r7
  42 005f C3 74                   		mov.B	r4, [r7]
  43 0061 66 14                   		mov.L	#1, r4
  44 0063 53 54                   		and	r5, r4
  45 0065 EC 67                   		mov.L	[r6], r7
  46 0067 CC 73                   		mov.B	[r7], r3
  47 0069 75 23 FE                		and	#-2, r3
  48 006c 57 34                   		or	r3, r4
  49 006e EC 67                   		mov.L	[r6], r7
  50 0070 C3 74                   		mov.B	r4, [r7]
  51 0072 66 14                   		mov.L	#1, r4
  52 0074 53 54                   		and	r5, r4
  53 0076 4B 44                   		add	r4, r4
  54 0078 CC F3                   		mov.B	[r15], r3
  55 007a 75 23 FD                		and	#-3, r3
  56 007d 57 34                   		or	r3, r4
  57 007f C3 F4                   		mov.B	r4, [r15]
  58 0081 66 14                   		mov.L	#1, r4
  59 0083 53 54                   		and	r5, r4
  60 0085 6C 34                   		shll	#3, r4
  61 0087 CC E3                   		mov.B	[r14], r3
  62 0089 75 23 F7                		and	#-9, r3
  63 008c 57 34                   		or	r3, r4
  64 008e C3 E4                   		mov.B	r4, [r14]
  65 0090 FD C7 54                		shll	#7, r5, r4
  66 0093 CC D3                   		mov.B	[r13], r3
  67 0095 75 23 7F                		and	#0x7f, r3
  68 0098 57 34                   		or	r3, r4
  69 009a C3 D4                   		mov.B	r4, [r13]
  70 009c 66 14                   		mov.L	#1, r4
  71 009e 53 54                   		and	r5, r4
  72 00a0 4B 44                   		add	r4, r4
  73 00a2 CC 83                   		mov.B	[r8], r3
  74 00a4 75 23 FD                		and	#-3, r3
  75 00a7 57 34                   		or	r3, r4
  76 00a9 C3 84                   		mov.B	r4, [r8]
  77 00ab 66 14                   		mov.L	#1, r4
  78 00ad 53 54                   		and	r5, r4
  79 00af 6C 24                   		shll	#2, r4
  80 00b1 CC 93                   		mov.B	[r9], r3
  81 00b3 75 23 FB                		and	#-5, r3
  82 00b6 57 34                   		or	r3, r4
  83 00b8 C3 94                   		mov.B	r4, [r9]
  84 00ba 66 14                   		mov.L	#1, r4
  85 00bc 53 54                   		and	r5, r4
  86 00be 6C 44                   		shll	#4, r4
  87 00c0 CC C3                   		mov.B	[r12], r3
  88 00c2 75 23 EF                		and	#-17, r3
  89 00c5 57 34                   		or	r3, r4
  90 00c7 C3 C4                   		mov.B	r4, [r12]
  91 00c9 66 14                   		mov.L	#1, r4
  92 00cb 53 54                   		and	r5, r4
  93 00cd CC B3                   		mov.B	[r11], r3
  94 00cf 75 23 FE                		and	#-2, r3
  95 00d2 57 34                   		or	r3, r4
  96 00d4 C3 B4                   		mov.B	r4, [r11]
  97 00d6 66 14                   		mov.L	#1, r4
  98 00d8 53 54                   		and	r5, r4
  99 00da 6C 24                   		shll	#2, r4
 100 00dc CC A3                   		mov.B	[r10], r3
 101 00de 75 23 FB                		and	#-5, r3
 102 00e1 57 34                   		or	r3, r4
 103 00e3 C3 A4                   		mov.B	r4, [r10]
 104 00e5 66 14                   		mov.L	#1, r4
 105 00e7 53 54                   		and	r5, r4
 106 00e9 6C 34                   		shll	#3, r4
 107 00eb CC 13                   		mov.B	[r1], r3
 108 00ed 75 23 F7                		and	#-9, r3
 109 00f0 57 34                   		or	r3, r4
 110 00f2 C3 14                   		mov.B	r4, [r1]
 111 00f4 64 15                   		and	#1, r5
 112 00f6 6C 55                   		shll	#5, r5
 113 00f8 CC 24                   		mov.B	[r2], r4
 114 00fa 75 24 DF                		and	#-33, r4
 115 00fd 57 45                   		or	r4, r5
 116 00ff C3 25                   		mov.B	r5, [r2]
  21:../src/Control_LEDs.c **** 	ENABLE_SWITCHES;
 117                             		.loc 1 21 0
 118 0101 FB 4E 04 C0 08          		mov.L	#0x8c004, r4
 119 0106 FB 3E 04 C0 08          		mov.L	#0x8c004, r3
 120 010b FB 2E 04 C0 08          		mov.L	#0x8c004, r2
 121 0110 66 05                   		mov	#0, r5
 122 0112 66 11                   		mov.L	#1, r1
 123 0114 53 51                   		and	r5, r1
 124 0116 6C 21                   		shll	#2, r1
 125 0118 CC 2A                   		mov.B	[r2], r10
 126 011a 75 2A FB                		and	#-5, r10
 127 011d 57 A1                   		or	r10, r1
 128 011f C3 21                   		mov.B	r1, [r2]
 129 0121 66 12                   		mov.L	#1, r2
 130 0123 53 52                   		and	r5, r2
 131 0125 4B 22                   		add	r2, r2
 132 0127 CC 31                   		mov.B	[r3], r1
 133 0129 75 21 FD                		and	#-3, r1
 134 012c 57 12                   		or	r1, r2
 135 012e C3 32                   		mov.B	r2, [r3]
 136 0130 64 15                   		and	#1, r5
 137 0132 CC 43                   		mov.B	[r4], r3
 138 0134 75 23 FE                		and	#-2, r3
 139 0137 57 35                   		or	r3, r5
 140 0139 C3 45                   		mov.B	r5, [r4]
  22:../src/Control_LEDs.c **** 	PORT4.ICR.BYTE = 0xFF;
 141                             		.loc 1 22 0
 142 013b FB 5E 04 C0 08          		mov.L	#0x8c004, r5
 143 0140 F9 54 60 FF             		mov.B	#-1, 96[r5]
 144                             	.L6:
  23:../src/Control_LEDs.c **** 
  24:../src/Control_LEDs.c **** 	while(1)
  25:../src/Control_LEDs.c **** 	{
  26:../src/Control_LEDs.c **** 		if (SW1_PRESSED == 0)
 145                             		.loc 1 26 0
 146 0144 FB 5E 04 C0 08          		mov.L	#0x8c004, r5
 147 0149 CD 55 40                		mov.B	64[r5], r5
 148 014c 64 15                   		and	#1, r5
 149 014e 5B 55                   		movu.B	r5, r5
 150 0150 61 05                   		cmp	#0, r5
 151 0152 3B 8A 00                		bne	.L2
  27:../src/Control_LEDs.c **** 		{
  28:../src/Control_LEDs.c **** 			GREEN_LEDS = 0;
 152                             		.loc 1 28 0
 153 0155 FB 4E 0D C0 08          		mov.L	#0x8c00d, r4
 154 015a FB 3E 0D C0 08          		mov.L	#0x8c00d, r3
 155 015f FB 2E 0D C0 08          		mov.L	#0x8c00d, r2
 156 0164 FB 1E 0E C0 08          		mov.L	#0x8c00e, r1
 157 0169 FB AE 0E C0 08          		mov.L	#0x8c00e, r10
 158 016e FB BE 0E C0 08          		mov.L	#0x8c00e, r11
 159 0173 66 05                   		mov	#0, r5
 160 0175 66 1C                   		mov.L	#1, r12
 161 0177 53 5C                   		and	r5, r12
 162 0179 4B CC                   		add	r12, r12
 163 017b CD B9 20                		mov.B	32[r11], r9
 164 017e 75 29 FD                		and	#-3, r9
 165 0181 57 9C                   		or	r9, r12
 166 0183 C7 BC 20                		mov.B	r12, 32[r11]
 167 0186 66 1B                   		mov.L	#1, r11
 168 0188 53 5B                   		and	r5, r11
 169 018a 6C 2B                   		shll	#2, r11
 170 018c CD AC 20                		mov.B	32[r10], r12
 171 018f 75 2C FB                		and	#-5, r12
 172 0192 57 CB                   		or	r12, r11
 173 0194 C7 AB 20                		mov.B	r11, 32[r10]
 174 0197 66 1A                   		mov.L	#1, r10
 175 0199 53 5A                   		and	r5, r10
 176 019b 6C 3A                   		shll	#3, r10
 177 019d CD 1B 20                		mov.B	32[r1], r11
 178 01a0 75 2B F7                		and	#-9, r11
 179 01a3 57 BA                   		or	r11, r10
 180 01a5 C7 1A 20                		mov.B	r10, 32[r1]
 181 01a8 66 11                   		mov.L	#1, r1
 182 01aa 53 51                   		and	r5, r1
 183 01ac 6C 31                   		shll	#3, r1
 184 01ae CD 2A 20                		mov.B	32[r2], r10
 185 01b1 75 2A F7                		and	#-9, r10
 186 01b4 57 A1                   		or	r10, r1
 187 01b6 C7 21 20                		mov.B	r1, 32[r2]
 188 01b9 66 12                   		mov.L	#1, r2
 189 01bb 53 52                   		and	r5, r2
 190 01bd 6C 42                   		shll	#4, r2
 191 01bf CD 31 20                		mov.B	32[r3], r1
 192 01c2 75 21 EF                		and	#-17, r1
 193 01c5 57 12                   		or	r1, r2
 194 01c7 C7 32 20                		mov.B	r2, 32[r3]
 195 01ca 64 15                   		and	#1, r5
 196 01cc 6C 55                   		shll	#5, r5
 197 01ce CD 43 20                		mov.B	32[r4], r3
 198 01d1 75 23 DF                		and	#-33, r3
 199 01d4 57 35                   		or	r3, r5
 200 01d6 C7 45 20                		mov.B	r5, 32[r4]
 201 01d9 38 D9 02                		bra	.L3
 202                             	.L2:
  29:../src/Control_LEDs.c **** 
  30:../src/Control_LEDs.c **** 		}
  31:../src/Control_LEDs.c **** 		else if (SW2_PRESSED == 0)
 203                             		.loc 1 31 0
 204 01dc FB 5E 04 C0 08          		mov.L	#0x8c004, r5
 205 01e1 CD 55 40                		mov.B	64[r5], r5
 206 01e4 5B 55                   		movu.B	r5, r5
 207 01e6 68 15                   		shlr	#1, r5
 208 01e8 64 15                   		and	#1, r5
 209 01ea 5B 55                   		movu.B	r5, r5
 210 01ec 61 05                   		cmp	#0, r5
 211 01ee 3B 83 00                		bne	.L4
  32:../src/Control_LEDs.c **** 		{
  33:../src/Control_LEDs.c **** 			RED_LEDS = 0;
 212                             		.loc 1 33 0
 213 01f1 FB 4E 0D C0 08          		mov.L	#0x8c00d, r4
 214 01f6 FB 3E 0D C0 08          		mov.L	#0x8c00d, r3
 215 01fb FB 2E 0D C0 08          		mov.L	#0x8c00d, r2
 216 0200 FB 1E 0E C0 08          		mov.L	#0x8c00e, r1
 217 0205 FB AE 0D C0 08          		mov.L	#0x8c00d, r10
 218 020a FB BE 0D C0 08          		mov.L	#0x8c00d, r11
 219 020f 66 05                   		mov	#0, r5
 220 0211 66 1C                   		mov.L	#1, r12
 221 0213 53 5C                   		and	r5, r12
 222 0215 6C 6C                   		shll	#6, r12
 223 0217 CD B9 20                		mov.B	32[r11], r9
 224 021a 75 29 BF                		and	#0xffffffbf, r9
 225 021d 57 9C                   		or	r9, r12
 226 021f C7 BC 20                		mov.B	r12, 32[r11]
 227 0222 FD C7 5B                		shll	#7, r5, r11
 228 0225 CD AC 20                		mov.B	32[r10], r12
 229 0228 75 2C 7F                		and	#0x7f, r12
 230 022b 57 CB                   		or	r12, r11
 231 022d C7 AB 20                		mov.B	r11, 32[r10]
 232 0230 66 1A                   		mov.L	#1, r10
 233 0232 53 5A                   		and	r5, r10
 234 0234 CD 1B 20                		mov.B	32[r1], r11
 235 0237 75 2B FE                		and	#-2, r11
 236 023a 57 BA                   		or	r11, r10
 237 023c C7 1A 20                		mov.B	r10, 32[r1]
 238 023f 66 11                   		mov.L	#1, r1
 239 0241 53 51                   		and	r5, r1
 240 0243 CD 2A 20                		mov.B	32[r2], r10
 241 0246 75 2A FE                		and	#-2, r10
 242 0249 57 A1                   		or	r10, r1
 243 024b C7 21 20                		mov.B	r1, 32[r2]
 244 024e 66 12                   		mov.L	#1, r2
 245 0250 53 52                   		and	r5, r2
 246 0252 4B 22                   		add	r2, r2
 247 0254 CD 31 20                		mov.B	32[r3], r1
 248 0257 75 21 FD                		and	#-3, r1
 249 025a 57 12                   		or	r1, r2
 250 025c C7 32 20                		mov.B	r2, 32[r3]
 251 025f 64 15                   		and	#1, r5
 252 0261 6C 25                   		shll	#2, r5
 253 0263 CD 43 20                		mov.B	32[r4], r3
 254 0266 75 23 FB                		and	#-5, r3
 255 0269 57 35                   		or	r3, r5
 256 026b C7 45 20                		mov.B	r5, 32[r4]
 257 026e 38 44 02                		bra	.L3
 258                             	.L4:
  34:../src/Control_LEDs.c **** 
  35:../src/Control_LEDs.c **** 		}
  36:../src/Control_LEDs.c **** 		else if (SW3_PRESSED == 0)
 259                             		.loc 1 36 0
 260 0271 FB 5E 04 C0 08          		mov.L	#0x8c004, r5
 261 0276 CD 55 40                		mov.B	64[r5], r5
 262 0279 5B 55                   		movu.B	r5, r5
 263 027b 68 25                   		shlr	#2, r5
 264 027d 64 15                   		and	#1, r5
 265 027f 5B 55                   		movu.B	r5, r5
 266 0281 61 05                   		cmp	#0, r5
 267 0283 3B 19 01                		bne	.L5
  37:../src/Control_LEDs.c **** 		{
  38:../src/Control_LEDs.c **** 			ALL_LEDS_ON;
 268                             		.loc 1 38 0
 269 0286 FB 2E 0D C0 08          		mov.L	#0x8c00d, r2
 270 028b FB 1E 0D C0 08          		mov.L	#0x8c00d, r1
 271 0290 FB AE 0D C0 08          		mov.L	#0x8c00d, r10
 272 0295 FB BE 0E C0 08          		mov.L	#0x8c00e, r11
 273 029a FB CE 0E C0 08          		mov.L	#0x8c00e, r12
 274 029f FB 9E 0E C0 08          		mov.L	#0x8c00e, r9
 275 02a4 FB 8E 0D C0 08          		mov.L	#0x8c00d, r8
 276 02a9 FB DE 0D C0 08          		mov.L	#0x8c00d, r13
 277 02ae FB EE 0D C0 08          		mov.L	#0x8c00d, r14
 278 02b3 FB FE 0E C0 08          		mov.L	#0x8c00e, r15
 279 02b8 F9 6E 02 0D C0 08       		mov.L	#0x8c00d, 8[r6]
 280 02be F9 6E 03 0D C0 08       		mov.L	#0x8c00d, 12[r6]
 281 02c4 66 05                   		mov	#0, r5
 282 02c6 66 14                   		mov.L	#1, r4
 283 02c8 53 54                   		and	r5, r4
 284 02ca 6C 64                   		shll	#6, r4
 285 02cc A1 EC                   		mov.L	r4, 28[r6]
 286 02ce A8 EF                   		mov.L	12[r6], r7
 287 02d0 CD 74 20                		mov.B	32[r7], r4
 288 02d3 75 24 BF                		and	#0xffffffbf, r4
 289 02d6 CF 43                   		mov.B	r4, r3
 290 02d8 A9 EF                   		mov.L	28[r6], r7
 291 02da CF 74                   		mov.B	r7, r4
 292 02dc 57 34                   		or	r3, r4
 293 02de A8 EF                   		mov.L	12[r6], r7
 294 02e0 C7 74 20                		mov.B	r4, 32[r7]
 295 02e3 FD C7 54                		shll	#7, r5, r4
 296 02e6 A8 E7                   		mov.L	8[r6], r7
 297 02e8 CD 73 20                		mov.B	32[r7], r3
 298 02eb 75 23 7F                		and	#0x7f, r3
 299 02ee 57 34                   		or	r3, r4
 300 02f0 A8 E7                   		mov.L	8[r6], r7
 301 02f2 C7 74 20                		mov.B	r4, 32[r7]
 302 02f5 66 14                   		mov.L	#1, r4
 303 02f7 53 54                   		and	r5, r4
 304 02f9 CD F3 20                		mov.B	32[r15], r3
 305 02fc 75 23 FE                		and	#-2, r3
 306 02ff 57 34                   		or	r3, r4
 307 0301 C7 F4 20                		mov.B	r4, 32[r15]
 308 0304 66 14                   		mov.L	#1, r4
 309 0306 53 54                   		and	r5, r4
 310 0308 CD E3 20                		mov.B	32[r14], r3
 311 030b 75 23 FE                		and	#-2, r3
 312 030e 57 34                   		or	r3, r4
 313 0310 C7 E4 20                		mov.B	r4, 32[r14]
 314 0313 66 14                   		mov.L	#1, r4
 315 0315 53 54                   		and	r5, r4
 316 0317 4B 44                   		add	r4, r4
 317 0319 CD D3 20                		mov.B	32[r13], r3
 318 031c 75 23 FD                		and	#-3, r3
 319 031f 57 34                   		or	r3, r4
 320 0321 C7 D4 20                		mov.B	r4, 32[r13]
 321 0324 66 14                   		mov.L	#1, r4
 322 0326 53 54                   		and	r5, r4
 323 0328 6C 24                   		shll	#2, r4
 324 032a CD 83 20                		mov.B	32[r8], r3
 325 032d 75 23 FB                		and	#-5, r3
 326 0330 57 34                   		or	r3, r4
 327 0332 C7 84 20                		mov.B	r4, 32[r8]
 328 0335 66 14                   		mov.L	#1, r4
 329 0337 53 54                   		and	r5, r4
 330 0339 4B 44                   		add	r4, r4
 331 033b CD 93 20                		mov.B	32[r9], r3
 332 033e 75 23 FD                		and	#-3, r3
 333 0341 57 34                   		or	r3, r4
 334 0343 C7 94 20                		mov.B	r4, 32[r9]
 335 0346 66 14                   		mov.L	#1, r4
 336 0348 53 54                   		and	r5, r4
 337 034a 6C 24                   		shll	#2, r4
 338 034c CD C3 20                		mov.B	32[r12], r3
 339 034f 75 23 FB                		and	#-5, r3
 340 0352 57 34                   		or	r3, r4
 341 0354 C7 C4 20                		mov.B	r4, 32[r12]
 342 0357 66 14                   		mov.L	#1, r4
 343 0359 53 54                   		and	r5, r4
 344 035b 6C 34                   		shll	#3, r4
 345 035d CD B3 20                		mov.B	32[r11], r3
 346 0360 75 23 F7                		and	#-9, r3
 347 0363 57 34                   		or	r3, r4
 348 0365 C7 B4 20                		mov.B	r4, 32[r11]
 349 0368 66 14                   		mov.L	#1, r4
 350 036a 53 54                   		and	r5, r4
 351 036c 6C 34                   		shll	#3, r4
 352 036e CD A3 20                		mov.B	32[r10], r3
 353 0371 75 23 F7                		and	#-9, r3
 354 0374 57 34                   		or	r3, r4
 355 0376 C7 A4 20                		mov.B	r4, 32[r10]
 356 0379 66 14                   		mov.L	#1, r4
 357 037b 53 54                   		and	r5, r4
 358 037d 6C 44                   		shll	#4, r4
 359 037f CD 13 20                		mov.B	32[r1], r3
 360 0382 75 23 EF                		and	#-17, r3
 361 0385 57 34                   		or	r3, r4
 362 0387 C7 14 20                		mov.B	r4, 32[r1]
 363 038a 64 15                   		and	#1, r5
 364 038c 6C 55                   		shll	#5, r5
 365 038e CD 24 20                		mov.B	32[r2], r4
 366 0391 75 24 DF                		and	#-33, r4
 367 0394 57 45                   		or	r4, r5
 368 0396 C7 25 20                		mov.B	r5, 32[r2]
 369 0399 38 19 01                		bra	.L3
 370                             	.L5:
  39:../src/Control_LEDs.c **** 		}
  40:../src/Control_LEDs.c **** 		else
  41:../src/Control_LEDs.c **** 		{
  42:../src/Control_LEDs.c **** 			ALL_LEDS_OFF;
 371                             		.loc 1 42 0
 372 039c FB 2E 0D C0 08          		mov.L	#0x8c00d, r2
 373 03a1 FB 1E 0D C0 08          		mov.L	#0x8c00d, r1
 374 03a6 FB AE 0D C0 08          		mov.L	#0x8c00d, r10
 375 03ab FB BE 0E C0 08          		mov.L	#0x8c00e, r11
 376 03b0 FB CE 0E C0 08          		mov.L	#0x8c00e, r12
 377 03b5 FB 9E 0E C0 08          		mov.L	#0x8c00e, r9
 378 03ba FB 8E 0D C0 08          		mov.L	#0x8c00d, r8
 379 03bf FB DE 0D C0 08          		mov.L	#0x8c00d, r13
 380 03c4 FB EE 0D C0 08          		mov.L	#0x8c00d, r14
 381 03c9 FB FE 0E C0 08          		mov.L	#0x8c00e, r15
 382 03ce F9 6E 04 0D C0 08       		mov.L	#0x8c00d, 16[r6]
 383 03d4 F9 6E 05 0D C0 08       		mov.L	#0x8c00d, 20[r6]
 384 03da 66 15                   		mov	#1, r5
 385 03dc 66 14                   		mov.L	#1, r4
 386 03de 53 54                   		and	r5, r4
 387 03e0 6C 64                   		shll	#6, r4
 388 03e2 A2 64                   		mov.L	r4, 32[r6]
 389 03e4 A9 6F                   		mov.L	20[r6], r7
 390 03e6 CD 74 20                		mov.B	32[r7], r4
 391 03e9 75 24 BF                		and	#0xffffffbf, r4
 392 03ec CF 43                   		mov.B	r4, r3
 393 03ee AA 67                   		mov.L	32[r6], r7
 394 03f0 CF 74                   		mov.B	r7, r4
 395 03f2 57 34                   		or	r3, r4
 396 03f4 A9 6F                   		mov.L	20[r6], r7
 397 03f6 C7 74 20                		mov.B	r4, 32[r7]
 398 03f9 FD C7 54                		shll	#7, r5, r4
 399 03fc A9 67                   		mov.L	16[r6], r7
 400 03fe CD 73 20                		mov.B	32[r7], r3
 401 0401 75 23 7F                		and	#0x7f, r3
 402 0404 57 34                   		or	r3, r4
 403 0406 A9 67                   		mov.L	16[r6], r7
 404 0408 C7 74 20                		mov.B	r4, 32[r7]
 405 040b 66 14                   		mov.L	#1, r4
 406 040d 53 54                   		and	r5, r4
 407 040f CD F3 20                		mov.B	32[r15], r3
 408 0412 75 23 FE                		and	#-2, r3
 409 0415 57 34                   		or	r3, r4
 410 0417 C7 F4 20                		mov.B	r4, 32[r15]
 411 041a 66 14                   		mov.L	#1, r4
 412 041c 53 54                   		and	r5, r4
 413 041e CD E3 20                		mov.B	32[r14], r3
 414 0421 75 23 FE                		and	#-2, r3
 415 0424 57 34                   		or	r3, r4
 416 0426 C7 E4 20                		mov.B	r4, 32[r14]
 417 0429 66 14                   		mov.L	#1, r4
 418 042b 53 54                   		and	r5, r4
 419 042d 4B 44                   		add	r4, r4
 420 042f CD D3 20                		mov.B	32[r13], r3
 421 0432 75 23 FD                		and	#-3, r3
 422 0435 57 34                   		or	r3, r4
 423 0437 C7 D4 20                		mov.B	r4, 32[r13]
 424 043a 66 14                   		mov.L	#1, r4
 425 043c 53 54                   		and	r5, r4
 426 043e 6C 24                   		shll	#2, r4
 427 0440 CD 83 20                		mov.B	32[r8], r3
 428 0443 75 23 FB                		and	#-5, r3
 429 0446 57 34                   		or	r3, r4
 430 0448 C7 84 20                		mov.B	r4, 32[r8]
 431 044b 66 14                   		mov.L	#1, r4
 432 044d 53 54                   		and	r5, r4
 433 044f 4B 44                   		add	r4, r4
 434 0451 CD 93 20                		mov.B	32[r9], r3
 435 0454 75 23 FD                		and	#-3, r3
 436 0457 57 34                   		or	r3, r4
 437 0459 C7 94 20                		mov.B	r4, 32[r9]
 438 045c 66 14                   		mov.L	#1, r4
 439 045e 53 54                   		and	r5, r4
 440 0460 6C 24                   		shll	#2, r4
 441 0462 CD C3 20                		mov.B	32[r12], r3
 442 0465 75 23 FB                		and	#-5, r3
 443 0468 57 34                   		or	r3, r4
 444 046a C7 C4 20                		mov.B	r4, 32[r12]
 445 046d 66 14                   		mov.L	#1, r4
 446 046f 53 54                   		and	r5, r4
 447 0471 6C 34                   		shll	#3, r4
 448 0473 CD B3 20                		mov.B	32[r11], r3
 449 0476 75 23 F7                		and	#-9, r3
 450 0479 57 34                   		or	r3, r4
 451 047b C7 B4 20                		mov.B	r4, 32[r11]
 452 047e 66 14                   		mov.L	#1, r4
 453 0480 53 54                   		and	r5, r4
 454 0482 6C 34                   		shll	#3, r4
 455 0484 CD A3 20                		mov.B	32[r10], r3
 456 0487 75 23 F7                		and	#-9, r3
 457 048a 57 34                   		or	r3, r4
 458 048c C7 A4 20                		mov.B	r4, 32[r10]
 459 048f 66 14                   		mov.L	#1, r4
 460 0491 53 54                   		and	r5, r4
 461 0493 6C 44                   		shll	#4, r4
 462 0495 CD 13 20                		mov.B	32[r1], r3
 463 0498 75 23 EF                		and	#-17, r3
 464 049b 57 34                   		or	r3, r4
 465 049d C7 14 20                		mov.B	r4, 32[r1]
 466 04a0 64 15                   		and	#1, r5
 467 04a2 6C 55                   		shll	#5, r5
 468 04a4 CD 24 20                		mov.B	32[r2], r4
 469 04a7 75 24 DF                		and	#-33, r4
 470 04aa 57 45                   		or	r4, r5
 471 04ac C7 25 20                		mov.B	r5, 32[r2]
  43:../src/Control_LEDs.c **** 		}
  44:../src/Control_LEDs.c **** 
  45:../src/Control_LEDs.c **** 	}
 472                             		.loc 1 45 0
 473 04af 38 95 FC                		bra	.L6
 474                             	.L3:
 475 04b2 38 92 FC                		bra	.L6
 476                             	.LFE0:
 533                             	.Letext0:
 534                             		.file 2 "../src/iodefine.h"
