   1                             		.file	"hardware_setup.c"
   2                             		.section P,"ax"
   3                             	.Ltext0:
   4                             		.global	_HardwareSetup
   6                             	_HardwareSetup:
   7                             	.LFB0:
   8                             		.file 1 "../src/hardware_setup.c"
   1:../src/hardware_setup.c **** /***************************************************************/
   2:../src/hardware_setup.c **** /*                                                             */
   3:../src/hardware_setup.c **** /*      PROJECT NAME :  Control_LEDs                           */
   4:../src/hardware_setup.c **** /*      FILE         :  hardware_setup.c                       */
   5:../src/hardware_setup.c **** /*      DESCRIPTION  :  Hardware Initialization                */
   6:../src/hardware_setup.c **** /*      CPU SERIES   :  RX600                                  */
   7:../src/hardware_setup.c **** /*      CPU TYPE     :  RX62N                                  */
   8:../src/hardware_setup.c **** /*                                                             */
   9:../src/hardware_setup.c **** /*      This file is generated by e2 studio.                   */
  10:../src/hardware_setup.c **** /*                                                             */
  11:../src/hardware_setup.c **** /***************************************************************/                                
  12:../src/hardware_setup.c ****                                                                            
  13:../src/hardware_setup.c ****                                                                            
  14:../src/hardware_setup.c **** /************************************************************************/
  15:../src/hardware_setup.c **** /*    File Version: V1.00                                               */
  16:../src/hardware_setup.c **** /*    Date Generated: 08/07/2013                                        */
  17:../src/hardware_setup.c **** /************************************************************************/
  18:../src/hardware_setup.c **** 
  19:../src/hardware_setup.c **** #include "iodefine.h"
  20:../src/hardware_setup.c **** #ifdef __cplusplus
  21:../src/hardware_setup.c **** extern "C" {
  22:../src/hardware_setup.c **** #endif
  23:../src/hardware_setup.c **** extern void HardwareSetup(void);
  24:../src/hardware_setup.c **** #ifdef __cplusplus
  25:../src/hardware_setup.c **** }
  26:../src/hardware_setup.c **** #endif
  27:../src/hardware_setup.c **** 
  28:../src/hardware_setup.c **** void HardwareSetup(void)
  29:../src/hardware_setup.c **** {
   9                             		.loc 1 29 0
  10 0000 7E A6                   		push.l	r6
  11                             	.LCFI0:
  12 0002 EF 06                   		mov.L	r0, r6
  13                             	.LCFI1:
  30:../src/hardware_setup.c **** /*
  31:../src/hardware_setup.c ****   SCI.SMR.BYTE = 0;
  32:../src/hardware_setup.c ****   SCI.SMR.BIT.CA   = 1;
  33:../src/hardware_setup.c ****   SCI.SMR.BIT.CHR  = 1;
  34:../src/hardware_setup.c ****   SCI.SMR.BIT.OE   = 1;
  35:../src/hardware_setup.c ****   SCI.SMR.BIT.STOP = 1;
  36:../src/hardware_setup.c ****   SCI.SMR.BIT.MP   = 1;
  37:../src/hardware_setup.c ****   SCI.SMR.BIT.CKS  = 3;
  38:../src/hardware_setup.c ****   SCI.BRR = 0;
  39:../src/hardware_setup.c ****   SCI.SCR.BYTE = 0;
  40:../src/hardware_setup.c ****   SCI.SCR.BIT.TIE  = 1;
  41:../src/hardware_setup.c ****   SCI.SCR.BIT.RIE  = 1;
  42:../src/hardware_setup.c ****   SCI.SCR.BIT.TE   = 1;
  43:../src/hardware_setup.c ****   SCI.SCR.BIT.RE   = 1;
  44:../src/hardware_setup.c ****   SCI.SCR.BIT.MPIE = 1;
  45:../src/hardware_setup.c ****   SCI.SCR.BIT.TEIE = 1;
  46:../src/hardware_setup.c ****   SCI.SCR.BIT.CKE  = 3;
  47:../src/hardware_setup.c ****   SCI.TDR = 0;
  48:../src/hardware_setup.c ****   SCI.SSR.BYTE = 0;
  49:../src/hardware_setup.c ****   SCI.SSR.BIT.TDRE = 1;
  50:../src/hardware_setup.c ****   SCI.SSR.BIT.RDRF = 1;
  51:../src/hardware_setup.c ****   SCI.SSR.BIT.ORER = 1;
  52:../src/hardware_setup.c ****   SCI.SSR.BIT.FER  = 1;
  53:../src/hardware_setup.c ****   SCI.SSR.BIT.PER  = 1;
  54:../src/hardware_setup.c ****   SCI.SSR.BIT.TEND = 1;
  55:../src/hardware_setup.c ****   SCI.SSR.BIT.MPB  = 1;
  56:../src/hardware_setup.c ****   SCI.SSR.BIT.MPBT = 1;
  57:../src/hardware_setup.c ****   SCI.RDR = 0;
  58:../src/hardware_setup.c **** 
  59:../src/hardware_setup.c **** */
  60:../src/hardware_setup.c **** }
  14                             		.loc 1 60 0
  15 0004 3F 66 01                		rtsd	#4, r6-r6
  16                             	.LFE0:
  54                             	.Letext0:
